<?xml version="1.0" encoding="UTF-8"?>
<testsuite xmlns:xsi="http://www.w3.org/2001/XMLSchema-instance" xsi:noNamespaceSchemaLocation="https://maven.apache.org/surefire/maven-surefire-plugin/xsd/surefire-test-report-3.0.xsd" version="3.0" name="com.github.ogomez.ksql.udf.ReverseUdfTests" time="0.025" tests="1" errors="0" skipped="0" failures="0">
  <properties>
    <property name="awt.toolkit" value="sun.lwawt.macosx.LWCToolkit"/>
    <property name="file.encoding.pkg" value="sun.io"/>
    <property name="java.specification.version" value="1.8"/>
    <property name="jdk.extensions.version" value="8.0.292.0"/>
    <property name="sun.jnu.encoding" value="UTF-8"/>
    <property name="java.class.path" value="/Users/ogomezsoriano/projects/confluent/ksql-format-converter-udf/target/test-classes:/Users/ogomezsoriano/projects/confluent/ksql-format-converter-udf/target/classes:/Users/ogomezsoriano/.m2/repository/io/confluent/ksql/ksqldb-udf/6.2.0/ksqldb-udf-6.2.0.jar:/Users/ogomezsoriano/.m2/repository/com/google/errorprone/error_prone_annotations/2.2.0/error_prone_annotations-2.2.0.jar:/Users/ogomezsoriano/.m2/repository/com/google/guava/guava/30.1.1-jre/guava-30.1.1-jre.jar:/Users/ogomezsoriano/.m2/repository/com/google/guava/failureaccess/1.0.1/failureaccess-1.0.1.jar:/Users/ogomezsoriano/.m2/repository/com/google/guava/listenablefuture/9999.0-empty-to-avoid-conflict-with-guava/listenablefuture-9999.0-empty-to-avoid-conflict-with-guava.jar:/Users/ogomezsoriano/.m2/repository/com/google/code/findbugs/jsr305/3.0.2/jsr305-3.0.2.jar:/Users/ogomezsoriano/.m2/repository/org/checkerframework/checker-qual/3.8.0/checker-qual-3.8.0.jar:/Users/ogomezsoriano/.m2/repository/com/google/j2objc/j2objc-annotations/1.3/j2objc-annotations-1.3.jar:/Users/ogomezsoriano/.m2/repository/org/slf4j/slf4j-api/1.7.30/slf4j-api-1.7.30.jar:/Users/ogomezsoriano/.m2/repository/org/slf4j/slf4j-log4j12/1.7.30/slf4j-log4j12-1.7.30.jar:/Users/ogomezsoriano/.m2/repository/io/confluent/confluent-log4j/1.2.17-cp2/confluent-log4j-1.2.17-cp2.jar:/Users/ogomezsoriano/.m2/repository/io/confluent/common-utils/6.2.0/common-utils-6.2.0.jar:/Users/ogomezsoriano/.m2/repository/org/junit/jupiter/junit-jupiter-engine/5.4.2/junit-jupiter-engine-5.4.2.jar:/Users/ogomezsoriano/.m2/repository/org/apiguardian/apiguardian-api/1.0.0/apiguardian-api-1.0.0.jar:/Users/ogomezsoriano/.m2/repository/org/junit/platform/junit-platform-engine/1.4.2/junit-platform-engine-1.4.2.jar:/Users/ogomezsoriano/.m2/repository/org/opentest4j/opentest4j/1.1.1/opentest4j-1.1.1.jar:/Users/ogomezsoriano/.m2/repository/org/junit/platform/junit-platform-commons/1.4.2/junit-platform-commons-1.4.2.jar:/Users/ogomezsoriano/.m2/repository/org/junit/jupiter/junit-jupiter-api/5.4.2/junit-jupiter-api-5.4.2.jar:/Users/ogomezsoriano/.m2/repository/org/junit/jupiter/junit-jupiter-params/5.4.2/junit-jupiter-params-5.4.2.jar:"/>
    <property name="com.ibm.zero.version" value="2"/>
    <property name="java.vm.vendor" value="Eclipse OpenJ9"/>
    <property name="com.ibm.vm.bitmode" value="64"/>
    <property name="sun.arch.data.model" value="64"/>
    <property name="user.variant" value=""/>
    <property name="com.ibm.oti.vm.library.version" value="29"/>
    <property name="java.vendor.url" value="https://adoptopenjdk.net/"/>
    <property name="user.timezone" value=""/>
    <property name="os.name" value="Mac OS X"/>
    <property name="java.vm.specification.version" value="1.8"/>
    <property name="user.country" value="GB"/>
    <property name="sun.java.launcher" value="SUN_STANDARD"/>
    <property name="sun.boot.library.path" value="/Users/ogomezsoriano/.sdkman/candidates/java/8.0.292.j9-adpt/jre/lib/default:/Users/ogomezsoriano/.sdkman/candidates/java/8.0.292.j9-adpt/jre/lib"/>
    <property name="sun.java.command" value="/Users/ogomezsoriano/projects/confluent/ksql-format-converter-udf/target/surefire/surefirebooter6642663376139844226.jar /Users/ogomezsoriano/projects/confluent/ksql-format-converter-udf/target/surefire 2021-07-15T10-29-35_964-jvmRun1 surefire3185471508624236249tmp surefire_05058772090801341960tmp"/>
    <property name="surefire.test.class.path" value="/Users/ogomezsoriano/projects/confluent/ksql-format-converter-udf/target/test-classes:/Users/ogomezsoriano/projects/confluent/ksql-format-converter-udf/target/classes:/Users/ogomezsoriano/.m2/repository/io/confluent/ksql/ksqldb-udf/6.2.0/ksqldb-udf-6.2.0.jar:/Users/ogomezsoriano/.m2/repository/com/google/errorprone/error_prone_annotations/2.2.0/error_prone_annotations-2.2.0.jar:/Users/ogomezsoriano/.m2/repository/com/google/guava/guava/30.1.1-jre/guava-30.1.1-jre.jar:/Users/ogomezsoriano/.m2/repository/com/google/guava/failureaccess/1.0.1/failureaccess-1.0.1.jar:/Users/ogomezsoriano/.m2/repository/com/google/guava/listenablefuture/9999.0-empty-to-avoid-conflict-with-guava/listenablefuture-9999.0-empty-to-avoid-conflict-with-guava.jar:/Users/ogomezsoriano/.m2/repository/com/google/code/findbugs/jsr305/3.0.2/jsr305-3.0.2.jar:/Users/ogomezsoriano/.m2/repository/org/checkerframework/checker-qual/3.8.0/checker-qual-3.8.0.jar:/Users/ogomezsoriano/.m2/repository/com/google/j2objc/j2objc-annotations/1.3/j2objc-annotations-1.3.jar:/Users/ogomezsoriano/.m2/repository/org/slf4j/slf4j-api/1.7.30/slf4j-api-1.7.30.jar:/Users/ogomezsoriano/.m2/repository/org/slf4j/slf4j-log4j12/1.7.30/slf4j-log4j12-1.7.30.jar:/Users/ogomezsoriano/.m2/repository/io/confluent/confluent-log4j/1.2.17-cp2/confluent-log4j-1.2.17-cp2.jar:/Users/ogomezsoriano/.m2/repository/io/confluent/common-utils/6.2.0/common-utils-6.2.0.jar:/Users/ogomezsoriano/.m2/repository/org/junit/jupiter/junit-jupiter-engine/5.4.2/junit-jupiter-engine-5.4.2.jar:/Users/ogomezsoriano/.m2/repository/org/apiguardian/apiguardian-api/1.0.0/apiguardian-api-1.0.0.jar:/Users/ogomezsoriano/.m2/repository/org/junit/platform/junit-platform-engine/1.4.2/junit-platform-engine-1.4.2.jar:/Users/ogomezsoriano/.m2/repository/org/opentest4j/opentest4j/1.1.1/opentest4j-1.1.1.jar:/Users/ogomezsoriano/.m2/repository/org/junit/platform/junit-platform-commons/1.4.2/junit-platform-commons-1.4.2.jar:/Users/ogomezsoriano/.m2/repository/org/junit/jupiter/junit-jupiter-api/5.4.2/junit-jupiter-api-5.4.2.jar:/Users/ogomezsoriano/.m2/repository/org/junit/jupiter/junit-jupiter-params/5.4.2/junit-jupiter-params-5.4.2.jar:"/>
    <property name="sun.cpu.endian" value="little"/>
    <property name="user.home" value="/Users/ogomezsoriano"/>
    <property name="user.language" value="en"/>
    <property name="java.specification.vendor" value="Oracle Corporation"/>
    <property name="java.home" value="/Users/ogomezsoriano/.sdkman/candidates/java/8.0.292.j9-adpt/jre"/>
    <property name="ibm.signalhandling.rs" value="false"/>
    <property name="jdk.extensions.name" value="Extensions for OpenJDK for Eclipse OpenJ9"/>
    <property name="basedir" value="/Users/ogomezsoriano/projects/confluent/ksql-format-converter-udf"/>
    <property name="file.separator" value="/"/>
    <property name="line.separator" value="&#10;"/>
    <property name="java.vm.specification.vendor" value="Oracle Corporation"/>
    <property name="java.specification.name" value="Java Platform API Specification"/>
    <property name="java.compiler" value="j9jit29"/>
    <property name="com.ibm.util.extralibs.properties" value=""/>
    <property name="java.awt.graphicsenv" value="sun.awt.CGraphicsEnvironment"/>
    <property name="com.ibm.oti.configuration" value="scar"/>
    <property name="surefire.real.class.path" value="/Users/ogomezsoriano/projects/confluent/ksql-format-converter-udf/target/surefire/surefirebooter6642663376139844226.jar"/>
    <property name="com.ibm.oti.shared.enabled" value="false"/>
    <property name="com.ibm.oti.vm.bootstrap.library.path" value="/Users/ogomezsoriano/.sdkman/candidates/java/8.0.292.j9-adpt/jre/lib/default:/Users/ogomezsoriano/.sdkman/candidates/java/8.0.292.j9-adpt/jre/lib"/>
    <property name="sun.boot.class.path" value="/Users/ogomezsoriano/.sdkman/candidates/java/8.0.292.j9-adpt/jre/lib/default/jclSC180/vm.jar:/Users/ogomezsoriano/.sdkman/candidates/java/8.0.292.j9-adpt/jre/lib/se-service.jar:/Users/ogomezsoriano/.sdkman/candidates/java/8.0.292.j9-adpt/jre/lib/rt.jar:/Users/ogomezsoriano/.sdkman/candidates/java/8.0.292.j9-adpt/jre/lib/resources.jar:/Users/ogomezsoriano/.sdkman/candidates/java/8.0.292.j9-adpt/jre/lib/jsse.jar:/Users/ogomezsoriano/.sdkman/candidates/java/8.0.292.j9-adpt/jre/lib/charsets.jar:/Users/ogomezsoriano/.sdkman/candidates/java/8.0.292.j9-adpt/jre/lib/jce.jar"/>
    <property name="com.ibm.cpu.endian" value="little"/>
    <property name="java.fullversion" value="1.8.0_292-b10&#10;JRE 1.8.0 Mac OS X amd64-64-Bit Compressed References 20210421_909 (JIT enabled, AOT enabled)&#10;OpenJ9   - b4cc246d9&#10;OMR      - 162e6f729&#10;JCL      - 2a5e268814 based on jdk8u292-b10"/>
    <property name="java.runtime.version" value="1.8.0_292-b10"/>
    <property name="user.name" value="ogomezsoriano"/>
    <property name="path.separator" value=":"/>
    <property name="os.version" value="10.15.7"/>
    <property name="java.endorsed.dirs" value="/Users/ogomezsoriano/.sdkman/candidates/java/8.0.292.j9-adpt/jre/lib/endorsed"/>
    <property name="java.runtime.name" value="OpenJDK Runtime Environment"/>
    <property name="ibm.signalhandling.sigint" value="true"/>
    <property name="file.encoding" value="UTF-8"/>
    <property name="java.vm.name" value="Eclipse OpenJ9 VM"/>
    <property name="ibm.signalhandling.sigchain" value="true"/>
    <property name="localRepository" value="/Users/ogomezsoriano/.m2/repository"/>
    <property name="java.io.tmpdir" value="/var/folders/16/bk59k0g92v3djz3t3s5cgf8h0000gq/T/"/>
    <property name="java.version" value="1.8.0_292"/>
    <property name="user.dir" value="/Users/ogomezsoriano/projects/confluent/ksql-format-converter-udf"/>
    <property name="com.ibm.system.agent.path" value="/Users/ogomezsoriano/.sdkman/candidates/java/8.0.292.j9-adpt/jre/lib"/>
    <property name="os.arch" value="x86_64"/>
    <property name="java.vm.specification.name" value="Java Virtual Machine Specification"/>
    <property name="java.awt.printerjob" value="sun.lwawt.macosx.CPrinterJob"/>
    <property name="os.encoding" value="UTF-8"/>
    <property name="java.library.path" value="/Users/ogomezsoriano/.sdkman/candidates/java/8.0.292.j9-adpt/jre/lib/default:/Users/ogomezsoriano/.sdkman/candidates/java/8.0.292.j9-adpt/jre/lib:/usr/lib"/>
    <property name="java.vm.info" value="JRE 1.8.0 Mac OS X amd64-64-Bit Compressed References 20210421_909 (JIT enabled, AOT enabled)&#10;OpenJ9   - b4cc246d9&#10;OMR      - 162e6f729&#10;JCL      - 2a5e268814 based on jdk8u292-b10"/>
    <property name="java.vendor" value="AdoptOpenJDK"/>
    <property name="java.vm.version" value="openj9-0.26.0"/>
    <property name="ibm.system.encoding" value="UTF-8"/>
    <property name="com.ibm.jcl.checkClassPath" value=""/>
    <property name="java.ext.dirs" value="/Users/ogomezsoriano/.sdkman/candidates/java/8.0.292.j9-adpt/jre/lib/ext"/>
    <property name="sun.io.unicode.encoding" value="UnicodeLittle"/>
    <property name="java.class.version" value="52.0"/>
  </properties>
  <testcase name="shouldReverseString" classname="com.github.ogomez.ksql.udf.ReverseUdfTests" time="0.016"/>
</testsuite>